0 info it worked if it ends with ok
1 verbose cli [ '/usr/bin/nodejs',
1 verbose cli   '/usr/bin/npm',
1 verbose cli   'install',
1 verbose cli   'node-cron',
1 verbose cli   '--save',
1 verbose cli   '-g' ]
2 info using npm@3.5.2
3 info using node@v4.2.6
4 silly loadCurrentTree Starting
5 silly install loadCurrentTree
6 silly install readGlobalPackageData
7 silly fetchPackageMetaData node-cron
8 silly fetchNamedPackageData node-cron
9 silly mapToRegistry name node-cron
10 silly mapToRegistry using default registry
11 silly mapToRegistry registry https://registry.npmjs.org/
12 silly mapToRegistry uri https://registry.npmjs.org/node-cron
13 verbose get https://registry.npmjs.org/node-cron not expired, no request
14 silly install normalizeTree
15 silly loadCurrentTree Finishing
16 silly loadIdealTree Starting
17 silly install loadIdealTree
18 silly cloneCurrentTree Starting
19 silly install cloneCurrentTreeToIdealTree
20 silly cloneCurrentTree Finishing
21 silly loadShrinkwrap Starting
22 silly install loadShrinkwrap
23 silly loadShrinkwrap Finishing
24 silly loadAllDepsIntoIdealTree Starting
25 silly install loadAllDepsIntoIdealTree
26 silly resolveWithNewModule node-cron@1.1.2 checking installable status
27 silly cache add args [ 'node-cron', null ]
28 verbose cache add spec node-cron
29 silly cache add parsed spec Result {
29 silly cache add   raw: 'node-cron',
29 silly cache add   scope: null,
29 silly cache add   name: 'node-cron',
29 silly cache add   rawSpec: '',
29 silly cache add   spec: 'latest',
29 silly cache add   type: 'tag' }
30 silly addNamed node-cron@latest
31 verbose addNamed "latest" is being treated as a dist-tag for node-cron
32 info addNameTag [ 'node-cron', 'latest' ]
33 silly mapToRegistry name node-cron
34 silly mapToRegistry using default registry
35 silly mapToRegistry registry https://registry.npmjs.org/
36 silly mapToRegistry uri https://registry.npmjs.org/node-cron
37 verbose addNameTag registry:https://registry.npmjs.org/node-cron not in flight; fetching
38 verbose get https://registry.npmjs.org/node-cron not expired, no request
39 silly addNameTag next cb for node-cron with tag latest
40 silly addNamed node-cron@1.1.2
41 verbose addNamed "1.1.2" is a plain semver version for node-cron
42 silly cache afterAdd node-cron@1.1.2
43 verbose afterAdd /home/nirmal/.npm/node-cron/1.1.2/package/package.json not in flight; writing
44 verbose afterAdd /home/nirmal/.npm/node-cron/1.1.2/package/package.json written
45 silly loadAllDepsIntoIdealTree Finishing
46 silly idealTree:prePrune lib
46 silly idealTree:prePrune `-- node-cron@1.1.2
47 silly loadIdealTree Finishing
48 silly currentTree lib
49 silly idealTree lib
49 silly idealTree `-- node-cron@1.1.2
50 silly generateActionsToTake Starting
51 silly install generateActionsToTake
52 warn checkPermissions Missing write access to /usr/local/lib/node_modules
53 silly rollbackFailedOptional Starting
54 silly rollbackFailedOptional Finishing
55 silly runTopLevelLifecycles Starting
56 silly runTopLevelLifecycles Finishing
57 silly install printInstalled
58 verbose stack Error: EACCES: permission denied, access '/usr/local/lib/node_modules'
58 verbose stack     at Error (native)
59 verbose cwd /media/win/Android Apps/IlistenSinch/node.js/SinchPush
60 error Linux 4.4.0-59-generic
61 error argv "/usr/bin/nodejs" "/usr/bin/npm" "install" "node-cron" "--save" "-g"
62 error node v4.2.6
63 error npm  v3.5.2
64 error path /usr/local/lib/node_modules
65 error code EACCES
66 error errno -13
67 error syscall access
68 error Error: EACCES: permission denied, access '/usr/local/lib/node_modules'
68 error     at Error (native)
68 error  { [Error: EACCES: permission denied, access '/usr/local/lib/node_modules']
68 error   errno: -13,
68 error   code: 'EACCES',
68 error   syscall: 'access',
68 error   path: '/usr/local/lib/node_modules' }
69 error Please try running this command again as root/Administrator.
70 verbose exit [ -13, true ]
